Build started 06-Nov-19 8:26:06 PM.
     1>Project "C:\Users\Madhu\Documents\Visual Studio 2010\Projects\aquarium\aquarium\aquarium.vcxproj" on node 2 (build target(s)).
     1>InitializeBuildStatus:
         Touching "Debug\aquarium.unsuccessfulbuild".
       ClCompile:
         All outputs are up-to-date.
         C:\Program Files (x86)\Microsoft Visual Studio 10.0\VC\bin\CL.exe /c /ZI /nologo /W3 /WX- /Od /Oy- /D WIN32 /D _DEBUG /D _CONSOLE /D _UNICODE /D UNICODE /Gm /EHsc /RTC1 /MDd /GS /fp:precise /Zc:wchar_t /Zc:forScope /Yu"StdAfx.h" /Fp"Debug\aquarium.pch" /Fo"Debug\\" /Fd"Debug\vc100.pdb" /Gd /TP /analyze- /errorReport:prompt aquarium.cpp
         aquarium.cpp
     1>c:\users\madhu\documents\visual studio 2010\projects\aquarium\aquarium\aquarium.cpp(38): warning C4018: '<' : signed/unsigned mismatch
       ManifestResourceCompile:
         All outputs are up-to-date.
       Link:
         C:\Program Files (x86)\Microsoft Visual Studio 10.0\VC\bin\link.exe /ERRORREPORT:PROMPT /OUT:"C:\Users\Madhu\Documents\Visual Studio 2010\Projects\aquarium\Debug\aquarium.exe" /INCREMENTAL /NOLOGO kernel32.lib user32.lib gdi32.lib winspool.lib comdlg32.lib advapi32.lib shell32.lib ole32.lib oleaut32.lib uuid.lib odbc32.lib odbccp32.lib /MANIFEST /ManifestFile:"Debug\aquarium.exe.intermediate.manifest" /MANIFESTUAC:"level='asInvoker' uiAccess='false'" /DEBUG /PDB:"C:\Users\Madhu\Documents\Visual Studio 2010\Projects\aquarium\Debug\aquarium.pdb" /SUBSYSTEM:CONSOLE /TLBID:1 /DYNAMICBASE /NXCOMPAT /IMPLIB:"C:\Users\Madhu\Documents\Visual Studio 2010\Projects\aquarium\Debug\aquarium.lib" /MACHINE:X86 Debug\aquarium.exe.embed.manifest.res
         Debug\aquarium.obj
         Debug\stdafx.obj
     1>aquarium.obj : error LNK2019: unresolved external symbol "void __cdecl display(void)" (?display@@YAXXZ) referenced in function "void __cdecl HandleKeyboard(unsigned char,int,int)" (?HandleKeyboard@@YAXEHH@Z)
     1>aquarium.obj : error LNK2019: unresolved external symbol "void __cdecl disp1(void)" (?disp1@@YAXXZ) referenced in function "void __cdecl HandleKeyboard(unsigned char,int,int)" (?HandleKeyboard@@YAXEHH@Z)
     1>aquarium.obj : error LNK2019: unresolved external symbol "void __cdecl disp2(void)" (?disp2@@YAXXZ) referenced in function "void __cdecl HandleKeyboard(unsigned char,int,int)" (?HandleKeyboard@@YAXEHH@Z)
     1>aquarium.obj : error LNK2019: unresolved external symbol "void __cdecl disp4(void)" (?disp4@@YAXXZ) referenced in function "void __cdecl HandleKeyboard(unsigned char,int,int)" (?HandleKeyboard@@YAXEHH@Z)
     1>MSVCRTD.lib(crtexe.obj) : error LNK2019: unresolved external symbol _main referenced in function ___tmainCRTStartup
     1>C:\Users\Madhu\Documents\Visual Studio 2010\Projects\aquarium\Debug\aquarium.exe : fatal error LNK1120: 5 unresolved externals
     1>Done Building Project "C:\Users\Madhu\Documents\Visual Studio 2010\Projects\aquarium\aquarium\aquarium.vcxproj" (build target(s)) -- FAILED.

Build FAILED.

Time Elapsed 00:00:01.30
